2020-07-15 23:16:43,544 : INFO : the path where the files are loading C:\Users\kalyangopichand\Downloads, Files class
2020-07-15 23:16:43,547 : INFO : count of files in following path C:\Users\kalyangopichand\Downloads is 39
2020-07-15 23:16:43,547 : INFO : The total number of files in document format is 28
2020-07-15 23:16:43,547 : INFO : The total number of files in video format is 1
2020-07-15 23:16:43,547 : INFO : The total number of sofwares present in 1
2020-07-15 23:16:43,548 : INFO : Files are moved to this path E:\softwares: totals files are moved 1
2020-07-15 23:16:43,548 : INFO : Files are moved to this path E:\documents: totals files are moved 28
2020-07-15 23:23:14,737 : INFO : the path where the files are loading C:\Users\kalyangopichand\Downloads, Files class
2020-07-15 23:23:14,739 : INFO : count of files in following path C:\Users\kalyangopichand\Downloads is 39
2020-07-15 23:23:14,739 : INFO : The total number of files in document format is 28
2020-07-15 23:23:14,739 : INFO : The total number of files in video format is 1
2020-07-15 23:23:14,739 : INFO : The total number of sofwares present in 1
2020-07-15 23:23:14,740 : INFO : Files are moved to this path E:\softwares: totals files are moved 1
2020-07-15 23:23:14,743 : INFO : Files are moved to this path E:\documents: totals files are moved 28
2020-07-15 23:26:38,029 : INFO : the path where the files are loading C:\Users\kalyangopichand\Downloads, Files class
2020-07-15 23:26:38,029 : INFO : count of files in following path C:\Users\kalyangopichand\Downloads is 39
2020-07-15 23:26:38,032 : INFO : The total number of files in document format is 28
2020-07-15 23:26:38,032 : INFO : The total number of files in video format is 1
2020-07-15 23:26:38,032 : INFO : The total number of sofwares present in 1
2020-07-15 23:26:38,032 : INFO : Files are moved to this path E:\softwares: totals files are moved 1
2020-07-15 23:26:38,032 : INFO : Files are moved to this path E:\documents: totals files are moved 28
2020-07-15 23:26:52,120 : INFO : the path where the files are loading C:\Users\kalyangopichand\Downloads, Files class
2020-07-15 23:26:52,120 : INFO : count of files in following path C:\Users\kalyangopichand\Downloads is 39
2020-07-15 23:26:52,120 : INFO : The total number of files in document format is 28
2020-07-15 23:26:52,120 : INFO : The total number of files in video format is 1
2020-07-15 23:26:52,120 : INFO : The total number of sofwares present in 1
2020-07-15 23:26:52,120 : INFO : Files are moved to this path E:\softwares: totals files are moved 1
2020-07-15 23:26:52,120 : INFO : Files are moved to this path E:\documents: totals files are moved 28
2020-07-15 23:27:13,086 : INFO : the path where the files are loading C:\Users\kalyangopichand\Downloads, Files class
2020-07-15 23:27:13,086 : INFO : count of files in following path C:\Users\kalyangopichand\Downloads is 39
2020-07-15 23:27:13,086 : INFO : The total number of files in document format is 28
2020-07-15 23:27:13,087 : INFO : The total number of files in video format is 1
2020-07-15 23:27:13,087 : INFO : The total number of sofwares present in 1
2020-07-15 23:27:13,087 : INFO : Files are moved to this path E:\softwares: totals files are moved 1
2020-07-15 23:27:13,087 : INFO : Files are moved to this path E:\documents: totals files are moved 28
2020-07-15 23:27:20,951 : INFO : the path where the files are loading C:\Users\kalyangopichand\Downloads, Files class
2020-07-15 23:27:20,971 : INFO : count of files in following path C:\Users\kalyangopichand\Downloads is 39
2020-07-15 23:27:20,972 : INFO : The total number of files in document format is 28
2020-07-15 23:27:20,972 : INFO : The total number of files in video format is 1
2020-07-15 23:27:20,972 : INFO : The total number of sofwares present in 1
2020-07-15 23:27:20,972 : INFO : Files are moved to this path E:\softwares: totals files are moved 1
2020-07-15 23:28:02,089 : INFO : the path where the files are loading C:\Users\kalyangopichand\Downloads, Files class
2020-07-15 23:28:02,089 : INFO : count of files in following path C:\Users\kalyangopichand\Downloads is 39
2020-07-15 23:28:02,089 : INFO : The total number of files in document format is 28
2020-07-15 23:28:02,089 : INFO : The total number of files in video format is 1
2020-07-15 23:28:02,089 : INFO : The total number of sofwares present in 1
2020-07-15 23:28:02,089 : INFO : Files are moved to this path E:\softwares: totals files are moved 1
2020-07-15 23:28:28,053 : INFO : Files are moved to this path E:\documents: totals files are moved 28
2020-07-15 23:29:00,314 : INFO : the path where the files are loading C:\Users\kalyangopichand\Downloads, Files class
2020-07-15 23:29:00,314 : INFO : count of files in following path C:\Users\kalyangopichand\Downloads is 39
2020-07-15 23:29:00,314 : INFO : The total number of files in document format is 28
2020-07-15 23:29:00,315 : INFO : The total number of files in video format is 1
2020-07-15 23:29:00,315 : INFO : The total number of sofwares present in 1
2020-07-15 23:29:00,315 : INFO : Files are moved to this path E:\softwares: totals files are moved 1
2020-07-15 23:29:28,385 : INFO : Files are moved to this path E:\documents: totals files are moved 28
2020-07-16 00:00:41,605 : INFO : the path where the files are loading C:\Users\kalyangopichand\Downloads, Files class
2020-07-16 00:00:41,605 : INFO : count of files in following path C:\Users\kalyangopichand\Downloads is 39
2020-07-16 00:00:41,605 : INFO : The total number of files in document format is 28
2020-07-16 00:00:41,605 : INFO : The total number of files in video format is 1
2020-07-16 00:00:41,605 : INFO : The total number of sofwares present in 1
2020-07-16 00:00:41,606 : INFO : Files are moved to this path E:\softwares: totals files are moved 1
2020-07-16 00:01:19,296 : INFO : Files are moved to this path E:\documents: totals files are moved 28
